P.P.R/Library/Bee/Android/Prj/IL2CPP/Gradle/unityLibrary/build/intermediates/manifest_merge_blame_file/release/manifest-merger-blame-release-report.txt
1<?xml version="1.0" encoding="utf-8"?>
2<manifest xmlns:android="http://schemas.android.com/apk/res/android"
3    xmlns:tools="http://schemas.android.com/tools"
4    package="com.unity3d.player"
5    android:versionCode="1"
6    android:versionName="0.2.0" >
7
8    <uses-sdk
9        android:minSdkVersion="28"
9-->src\main\AndroidManifest.xml
10        android:targetSdkVersion="30" />
10-->src\main\AndroidManifest.xml
11
12    <uses-feature android:glEsVersion="0x00020000" />
12-->src\main\AndroidManifest.xml:25:3-52
12-->src\main\AndroidManifest.xml:25:17-49
13
14    <uses-permission android:name="android.permission.INTERNET" />
14-->src\main\AndroidManifest.xml:26:3-65
14-->src\main\AndroidManifest.xml:26:20-62
15
16    <uses-feature
16-->src\main\AndroidManifest.xml:27:3-88
17        android:name="android.hardware.touchscreen"
17-->src\main\AndroidManifest.xml:27:17-60
18        android:required="false" />
18-->src\main\AndroidManifest.xml:27:61-85
19    <uses-feature
19-->src\main\AndroidManifest.xml:28:3-99
20        android:name="android.hardware.touchscreen.multitouch"
20-->src\main\AndroidManifest.xml:28:17-71
21        android:required="false" />
21-->src\main\AndroidManifest.xml:28:72-96
22    <uses-feature
22-->src\main\AndroidManifest.xml:29:3-108
23        android:name="android.hardware.touchscreen.multitouch.distinct"
23-->src\main\AndroidManifest.xml:29:17-80
24        android:required="false" />
24-->src\main\AndroidManifest.xml:29:81-105
25
26    <uses-permission android:name="android.permission.POST_NOTIFICATIONS" />
26-->src\main\AndroidManifest.xml:30:3-75
26-->src\main\AndroidManifest.xml:30:20-72
27
28    <application
28-->src\main\AndroidManifest.xml:3:3-24:17
29        android:extractNativeLibs="true"
29-->src\main\AndroidManifest.xml:3:16-48
30        android:isGame="true" >
30-->src\main\AndroidManifest.xml:3:49-70
31        <activity
31-->src\main\AndroidManifest.xml:4:5-11:16
32            android:name="com.unity3d.player.UnityPlayerActivity"
32-->src\main\AndroidManifest.xml:4:15-68
33            android:configChanges="mcc|mnc|locale|touchscreen|keyboard|keyboardHidden|navigation|orientation|screenLayout|uiMode|screenSize|smallestScreenSize|fontScale|layoutDirection|density"
33-->src\main\AndroidManifest.xml:4:180-361
34            android:hardwareAccelerated="false"
34-->src\main\AndroidManifest.xml:4:397-432
35            android:launchMode="singleTask"
35-->src\main\AndroidManifest.xml:4:148-179
36            android:resizeableActivity="false"
36-->src\main\AndroidManifest.xml:4:362-396
37            android:screenOrientation="portrait"
37-->src\main\AndroidManifest.xml:4:111-147
38            android:theme="@style/UnityThemeSelector" >
38-->src\main\AndroidManifest.xml:4:69-110
39            <intent-filter>
39-->src\main\AndroidManifest.xml:5:7-9:23
40                <action android:name="android.intent.action.MAIN" />
40-->src\main\AndroidManifest.xml:6:9-61
40-->src\main\AndroidManifest.xml:6:17-58
41
42                <category android:name="android.intent.category.LAUNCHER" />
42-->src\main\AndroidManifest.xml:7:9-69
42-->src\main\AndroidManifest.xml:7:19-66
43                <category android:name="android.intent.category.LEANBACK_LAUNCHER" />
43-->src\main\AndroidManifest.xml:8:9-78
43-->src\main\AndroidManifest.xml:8:19-75
44            </intent-filter>
45
46            <meta-data
46-->src\main\AndroidManifest.xml:10:7-82
47                android:name="unityplayer.UnityActivity"
47-->src\main\AndroidManifest.xml:10:18-58
48                android:value="true" />
48-->src\main\AndroidManifest.xml:10:59-79
49        </activity>
50
51        <meta-data
51-->src\main\AndroidManifest.xml:12:5-69
52            android:name="unity.splash-mode"
52-->src\main\AndroidManifest.xml:12:16-48
53            android:value="0" />
53-->src\main\AndroidManifest.xml:12:49-66
54        <meta-data
54-->src\main\AndroidManifest.xml:13:5-74
55            android:name="unity.splash-enable"
55-->src\main\AndroidManifest.xml:13:16-50
56            android:value="True" />
56-->src\main\AndroidManifest.xml:13:51-71
57        <meta-data
57-->src\main\AndroidManifest.xml:14:5-78
58            android:name="unity.launch-fullscreen"
58-->src\main\AndroidManifest.xml:14:16-54
59            android:value="True" />
59-->src\main\AndroidManifest.xml:14:55-75
60        <meta-data
60-->src\main\AndroidManifest.xml:15:5-84
61            android:name="unity.allow-resizable-window"
61-->src\main\AndroidManifest.xml:15:16-59
62            android:value="False" />
62-->src\main\AndroidManifest.xml:15:60-81
63        <meta-data
63-->src\main\AndroidManifest.xml:16:5-84
64            android:name="unity.auto-report-fully-drawn"
64-->src\main\AndroidManifest.xml:16:16-60
65            android:value="true" />
65-->src\main\AndroidManifest.xml:16:61-81
66
67        <receiver
67-->src\main\AndroidManifest.xml:17:5-113
68            android:name="com.unity.androidnotifications.UnityNotificationManager"
68-->src\main\AndroidManifest.xml:17:15-85
69            android:exported="false" />
69-->src\main\AndroidManifest.xml:17:86-110
70        <receiver
70-->src\main\AndroidManifest.xml:18:5-22:16
71            android:name="com.unity.androidnotifications.UnityNotificationRestartOnBootReceiver"
71-->src\main\AndroidManifest.xml:18:15-99
72            android:enabled="false"
72-->src\main\AndroidManifest.xml:18:100-123
73            android:exported="false" >
73-->src\main\AndroidManifest.xml:18:124-148
74            <intent-filter>
74-->src\main\AndroidManifest.xml:19:7-21:23
75                <action android:name="android.intent.action.BOOT_COMPLETED" />
75-->src\main\AndroidManifest.xml:20:9-71
75-->src\main\AndroidManifest.xml:20:17-68
76            </intent-filter>
77        </receiver>
78
79        <meta-data
79-->src\main\AndroidManifest.xml:23:5-99
80            android:name="com.unity.androidnotifications.exact_scheduling"
80-->src\main\AndroidManifest.xml:23:16-78
81            android:value="0" />
81-->src\main\AndroidManifest.xml:23:79-96
82    </application>
83
84</manifest>